<?xml version="1.0" encoding="UTF-8"?>
<!-- Generated by org.testng.reporters.JUnitReportReporter -->
<testsuite hostname="Bakhtiyoris-MBP" failures="0" tests="1" name="SeleniumMaven.MavenDemo.MavenReview" time="0.012" errors="0" timestamp="2022-11-16T19:03:20 EST" skipped="0">
  <testcase classname="SeleniumMaven.MavenDemo.MavenReview" name="MavenClassOne" time="0.012"/>
  <system-out/>
</testsuite> <!-- SeleniumMaven.MavenDemo.MavenReview -->
