<?xml version="1.0" encoding="UTF-8"?>
<!-- Generated by org.testng.reporters.JUnitReportReporter -->
<testsuite hostname="Bakhtiyoris-MBP" failures="0" tests="1" name="NewMavenDemo.FrameWork.CLassOne" time="23.024" errors="0" timestamp="2022-11-23T18:51:22 EST" skipped="0">
  <testcase classname="NewMavenDemo.FrameWork.CLassOne" name="MavenReview" time="23.024"/>
  <system-out/>
</testsuite> <!-- NewMavenDemo.FrameWork.CLassOne -->
